Determining if the pthread_create exist failed with the following output:
Change Dir: /home/gosha/Code/enph353_gym-gazebo/gym_gazebo/envs/enph353_lab06/build/CMakeFiles/CMakeTmp

Run Build Command:"/usr/bin/make" "cmTC_dd539/fast"
/usr/bin/make -f CMakeFiles/cmTC_dd539.dir/build.make CMakeFiles/cmTC_dd539.dir/build
make[1]: Entering directory '/home/gosha/Code/enph353_gym-gazebo/gym_gazebo/envs/enph353_lab06/build/CMakeFiles/CMakeTmp'
Building C object CMakeFiles/cmTC_dd539.dir/CheckSymbolExists.c.o
/usr/bin/cc    -o CMakeFiles/cmTC_dd539.dir/CheckSymbolExists.c.o   -c /home/gosha/Code/enph353_gym-gazebo/gym_gazebo/envs/enph353_lab06/build/CMakeFiles/CMakeTmp/CheckSymbolExists.c
Linking C executable cmTC_dd539
/usr/bin/cmake -E cmake_link_script CMakeFiles/cmTC_dd539.dir/link.txt --verbose=1
/usr/bin/cc      -rdynamic CMakeFiles/cmTC_dd539.dir/CheckSymbolExists.c.o  -o cmTC_dd539 
CMakeFiles/cmTC_dd539.dir/CheckSymbolExists.c.o: In function `main':
CheckSymbolExists.c:(.text+0x1b): undefined reference to `pthread_create'
collect2: error: ld returned 1 exit status
CMakeFiles/cmTC_dd539.dir/build.make:97: recipe for target 'cmTC_dd539' failed
make[1]: *** [cmTC_dd539] Error 1
make[1]: Leaving directory '/home/gosha/Code/enph353_gym-gazebo/gym_gazebo/envs/enph353_lab06/build/CMakeFiles/CMakeTmp'
Makefile:126: recipe for target 'cmTC_dd539/fast' failed
make: *** [cmTC_dd539/fast] Error 2

File /home/gosha/Code/enph353_gym-gazebo/gym_gazebo/envs/enph353_lab06/build/CMakeFiles/CMakeTmp/CheckSymbolExists.c:
/* */
#include <pthread.h>

int main(int argc, char** argv)
{
  (void)argv;
#ifndef pthread_create
  return ((int*)(&pthread_create))[argc];
#else
  (void)argc;
  return 0;
#endif
}

Determining if the function pthread_create exists in the pthreads failed with the following output:
Change Dir: /home/gosha/Code/enph353_gym-gazebo/gym_gazebo/envs/enph353_lab06/build/CMakeFiles/CMakeTmp

Run Build Command:"/usr/bin/make" "cmTC_fff45/fast"
/usr/bin/make -f CMakeFiles/cmTC_fff45.dir/build.make CMakeFiles/cmTC_fff45.dir/build
make[1]: Entering directory '/home/gosha/Code/enph353_gym-gazebo/gym_gazebo/envs/enph353_lab06/build/CMakeFiles/CMakeTmp'
Building C object CMakeFiles/cmTC_fff45.dir/CheckFunctionExists.c.o
/usr/bin/cc   -DCHECK_FUNCTION_EXISTS=pthread_create   -o CMakeFiles/cmTC_fff45.dir/CheckFunctionExists.c.o   -c /usr/share/cmake-3.10/Modules/CheckFunctionExists.c
Linking C executable cmTC_fff45
/usr/bin/cmake -E cmake_link_script CMakeFiles/cmTC_fff45.dir/link.txt --verbose=1
/usr/bin/cc  -DCHECK_FUNCTION_EXISTS=pthread_create    -rdynamic CMakeFiles/cmTC_fff45.dir/CheckFunctionExists.c.o  -o cmTC_fff45 -lpthreads 
/usr/bin/ld: cannot find -lpthreads
collect2: error: ld returned 1 exit status
CMakeFiles/cmTC_fff45.dir/build.make:97: recipe for target 'cmTC_fff45' failed
make[1]: *** [cmTC_fff45] Error 1
make[1]: Leaving directory '/home/gosha/Code/enph353_gym-gazebo/gym_gazebo/envs/enph353_lab06/build/CMakeFiles/CMakeTmp'
Makefile:126: recipe for target 'cmTC_fff45/fast' failed
make: *** [cmTC_fff45/fast] Error 2


